<?xml version="1.0" encoding="UTF-8"?>
<testsuite xmlns:xsi="http://www.w3.org/2001/XMLSchema-instance" xsi:noNamespaceSchemaLocation="https://maven.apache.org/surefire/maven-surefire-plugin/xsd/surefire-test-report-3.0.xsd" version="3.0" name="com.g2.t5.T5ApplicationTests" time="35.46" tests="1" errors="0" skipped="0" failures="0">
  <properties>
[...]
</properties>
  <testcase name="contextLoads" classname="com.g2.t5.T5ApplicationTests" time="9.868">
    <system-out><![CDATA[16:59:07.198 [main] INFO org.springframework.test.context.support.AnnotationConfigContextLoaderUtils -- Could not detect default configuration classes for test class [com.g2.t5.T5ApplicationTests]: T5ApplicationTests does not declare any static, non-private, non-final, nested classes annotated with @Configuration.
16:59:09.287 [main] INFO org.springframework.boot.test.context.SpringBootTestContextBootstrapper -- Found @SpringBootConfiguration com.g2.t5.T5Application for test class com.g2.t5.T5ApplicationTests

  .   ____          _            __ _ _
 /\\ / ___'_ __ _ _(_)_ __  __ _ \ \ \ \
( ( )\___ | '_ | '_| | '_ \/ _` | \ \ \ \
 \\/  ___)| |_)| | | | | || (_| |  ) ) ) )
  '  |____| .__|_| |_|_| |_\__, | / / / /
 =========|_|==============|___/=/_/_/_/
 :: Spring Boot ::                (v3.2.1)

2024-01-31T16:59:12.285+01:00  WARN 5904 --- [           main] ory$DuplicateJsonObjectContextCustomizer : 

Found multiple occurrences of org.json.JSONObject on the class path:

	jar:file:/C:/Users/Fabio.DESKTOP-IG5FOB6/.m2/repository/com/vaadin/external/google/android-json/0.0.20131108.vaadin1/android-json-0.0.20131108.vaadin1.jar!/org/json/JSONObject.class
	jar:file:/C:/Users/Fabio.DESKTOP-IG5FOB6/.m2/repository/org/json/json/20230227/json-20230227.jar!/org/json/JSONObject.class

You may wish to exclude one of them to ensure predictable runtime behavior

2024-01-31T16:59:12.539+01:00  INFO 5904 --- [           main] com.g2.t5.T5ApplicationTests             : Starting T5ApplicationTests using Java 19.0.1 with PID 5904 (started by Fabio in C:\Users\Fabio.DESKTOP-IG5FOB6\Documents\GitHub\ProgettoSAD\T11-G41-master\T5-G2\t5)
2024-01-31T16:59:12.543+01:00  INFO 5904 --- [           main] com.g2.t5.T5ApplicationTests             : No active profile set, falling back to 1 default profile: "default"
2024-01-31T16:59:27.942+01:00  INFO 5904 --- [           main] o.s.b.a.e.web.EndpointLinksResolver      : Exposing 1 endpoint(s) beneath base path '/actuator'
2024-01-31T16:59:28.758+01:00  INFO 5904 --- [           main] com.g2.t5.T5ApplicationTests             : Started T5ApplicationTests in 18.397 seconds (process running for 29.156)
]]></system-out>
  </testcase>
</testsuite>